<?xml version="1.0" encoding="UTF-8" ?>
<testsuite tests="1" failures="1" name="TestMain" time="0.016" errors="0" skipped="0">
  <properties>
[...]
</properties>
  <testcase classname="TestMain" name="TestMain.testInputIsAnEvenNumber" time="0.016">
    <failure message="expected: &lt;true&gt; but was: &lt;false&gt;" type="org.opentest4j.AssertionFailedError">org.opentest4j.AssertionFailedError: expected: &lt;true&gt; but was: &lt;false&gt;
	at org.junit.jupiter.api.AssertionUtils.fail(AssertionUtils.java:38)
	at org.junit.jupiter.api.AssertTrue.assertTrue(AssertTrue.java:40)
	at org.junit.jupiter.api.AssertTrue.assertTrue(AssertTrue.java:35)
	at org.junit.jupiter.api.Assertions.assertTrue(Assertions.java:137)
	at TestMain.testInputIsAnEvenNumber(TestMain.java:19)
</failure>
  </testcase>
</testsuite>